{"C:\\Users\\Aléxia\\OneDrive\\Área de Trabalho\\exercicios dev\\dnc\\tdd\\src\\module\\aluno\\aluno.model.ts": {"path":"C:\\Users\\Aléxia\\OneDrive\\Área de Trabalho\\exercicios dev\\dnc\\tdd\\src\\module\\aluno\\aluno.model.ts","all":false,"statementMap":{"0":{"start":{"line":1,"column":0},"end":{"line":1,"column":28}},"1":{"start":{"line":2,"column":0},"end":{"line":2,"column":49}},"2":{"start":{"line":3,"column":0},"end":{"line":3,"column":0}},"3":{"start":{"line":4,"column":0},"end":{"line":4,"column":20}},"4":{"start":{"line":5,"column":0},"end":{"line":5,"column":18}},"5":{"start":{"line":6,"column":0},"end":{"line":6,"column":0}},"6":{"start":{"line":7,"column":0},"end":{"line":7,"column":41}},"7":{"start":{"line":8,"column":0},"end":{"line":8,"column":40}},"8":{"start":{"line":9,"column":0},"end":{"line":9,"column":3}},"9":{"start":{"line":10,"column":0},"end":{"line":10,"column":0}},"10":{"start":{"line":11,"column":0},"end":{"line":11,"column":34}},"11":{"start":{"line":12,"column":0},"end":{"line":12,"column":41}},"12":{"start":{"line":13,"column":0},"end":{"line":13,"column":50}},"13":{"start":{"line":14,"column":0},"end":{"line":14,"column":5}},"14":{"start":{"line":15,"column":0},"end":{"line":15,"column":30}},"15":{"start":{"line":16,"column":0},"end":{"line":16,"column":50}},"16":{"start":{"line":17,"column":0},"end":{"line":17,"column":5}},"17":{"start":{"line":18,"column":0},"end":{"line":18,"column":42}},"18":{"start":{"line":19,"column":0},"end":{"line":19,"column":3}},"19":{"start":{"line":20,"column":0},"end":{"line":20,"column":0}},"20":{"start":{"line":21,"column":0},"end":{"line":21,"column":35}},"21":{"start":{"line":22,"column":0},"end":{"line":22,"column":41}},"22":{"start":{"line":23,"column":0},"end":{"line":23,"column":50}},"23":{"start":{"line":24,"column":0},"end":{"line":24,"column":5}},"24":{"start":{"line":25,"column":0},"end":{"line":25,"column":93}},"25":{"start":{"line":26,"column":0},"end":{"line":26,"column":50}},"26":{"start":{"line":27,"column":0},"end":{"line":27,"column":5}},"27":{"start":{"line":28,"column":0},"end":{"line":28,"column":42}},"28":{"start":{"line":29,"column":0},"end":{"line":29,"column":3}},"29":{"start":{"line":30,"column":0},"end":{"line":30,"column":0}},"30":{"start":{"line":31,"column":0},"end":{"line":31,"column":35}},"31":{"start":{"line":32,"column":0},"end":{"line":32,"column":22}},"32":{"start":{"line":33,"column":0},"end":{"line":33,"column":46}},"33":{"start":{"line":34,"column":0},"end":{"line":34,"column":5}},"34":{"start":{"line":35,"column":0},"end":{"line":35,"column":42}},"35":{"start":{"line":36,"column":0},"end":{"line":36,"column":3}},"36":{"start":{"line":37,"column":0},"end":{"line":37,"column":1}}},"s":{"0":1,"1":1,"2":1,"3":1,"4":1,"5":1,"6":1,"7":6,"8":6,"9":1,"10":1,"11":3,"12":1,"13":1,"14":3,"15":3,"16":3,"17":3,"18":3,"19":1,"20":1,"21":2,"22":1,"23":1,"24":2,"25":1,"26":1,"27":2,"28":2,"29":1,"30":1,"31":1,"32":0,"33":0,"34":1,"35":1,"36":1},"branchMap":{"0":{"type":"branch","line":4,"loc":{"start":{"line":4,"column":0},"end":{"line":37,"column":1}},"locations":[{"start":{"line":4,"column":0},"end":{"line":37,"column":1}}]},"1":{"type":"branch","line":7,"loc":{"start":{"line":7,"column":2},"end":{"line":9,"column":3}},"locations":[{"start":{"line":7,"column":2},"end":{"line":9,"column":3}}]},"2":{"type":"branch","line":11,"loc":{"start":{"line":11,"column":10},"end":{"line":19,"column":3}},"locations":[{"start":{"line":11,"column":10},"end":{"line":19,"column":3}}]},"3":{"type":"branch","line":11,"loc":{"start":{"line":11,"column":28},"end":{"line":19,"column":3}},"locations":[{"start":{"line":11,"column":28},"end":{"line":19,"column":3}}]},"4":{"type":"branch","line":12,"loc":{"start":{"line":12,"column":40},"end":{"line":14,"column":5}},"locations":[{"start":{"line":12,"column":40},"end":{"line":14,"column":5}}]},"5":{"type":"branch","line":15,"loc":{"start":{"line":15,"column":-2},"end":{"line":15,"column":29}},"locations":[{"start":{"line":15,"column":-2},"end":{"line":15,"column":29}}]},"6":{"type":"branch","line":21,"loc":{"start":{"line":21,"column":11},"end":{"line":29,"column":3}},"locations":[{"start":{"line":21,"column":11},"end":{"line":29,"column":3}}]},"7":{"type":"branch","line":21,"loc":{"start":{"line":21,"column":29},"end":{"line":29,"column":3}},"locations":[{"start":{"line":21,"column":29},"end":{"line":29,"column":3}}]},"8":{"type":"branch","line":22,"loc":{"start":{"line":22,"column":40},"end":{"line":25,"column":24}},"locations":[{"start":{"line":22,"column":40},"end":{"line":25,"column":24}}]},"9":{"type":"branch","line":25,"loc":{"start":{"line":25,"column":20},"end":{"line":25,"column":55}},"locations":[{"start":{"line":25,"column":20},"end":{"line":25,"column":55}}]},"10":{"type":"branch","line":25,"loc":{"start":{"line":25,"column":55},"end":{"line":25,"column":90}},"locations":[{"start":{"line":25,"column":55},"end":{"line":25,"column":90}}]},"11":{"type":"branch","line":25,"loc":{"start":{"line":25,"column":92},"end":{"line":27,"column":5}},"locations":[{"start":{"line":25,"column":92},"end":{"line":27,"column":5}}]},"12":{"type":"branch","line":31,"loc":{"start":{"line":31,"column":11},"end":{"line":36,"column":3}},"locations":[{"start":{"line":31,"column":11},"end":{"line":36,"column":3}}]},"13":{"type":"branch","line":31,"loc":{"start":{"line":31,"column":29},"end":{"line":36,"column":3}},"locations":[{"start":{"line":31,"column":29},"end":{"line":36,"column":3}}]},"14":{"type":"branch","line":32,"loc":{"start":{"line":32,"column":21},"end":{"line":34,"column":5}},"locations":[{"start":{"line":32,"column":21},"end":{"line":34,"column":5}}]}},"b":{"0":[1],"1":[6],"2":[3],"3":[3],"4":[1],"5":[2],"6":[2],"7":[2],"8":[1],"9":[0],"10":[0],"11":[1],"12":[1],"13":[1],"14":[0]},"fnMap":{"0":{"name":"Aluno","decl":{"start":{"line":7,"column":2},"end":{"line":9,"column":3}},"loc":{"start":{"line":7,"column":2},"end":{"line":9,"column":3}},"line":7},"1":{"name":"Aluno.store","decl":{"start":{"line":11,"column":10},"end":{"line":19,"column":3}},"loc":{"start":{"line":11,"column":10},"end":{"line":19,"column":3}},"line":11},"2":{"name":"Aluno.update","decl":{"start":{"line":21,"column":11},"end":{"line":29,"column":3}},"loc":{"start":{"line":21,"column":11},"end":{"line":29,"column":3}},"line":21},"3":{"name":"Aluno.delete","decl":{"start":{"line":31,"column":11},"end":{"line":36,"column":3}},"loc":{"start":{"line":31,"column":11},"end":{"line":36,"column":3}},"line":31}},"f":{"0":6,"1":3,"2":2,"3":1}}
}
