{"C:\\Users\\Aléxia\\OneDrive\\Área de Trabalho\\exercicios dev\\dnc\\tdd\\src\\module\\aluno\\aluno.model.ts": {"path":"C:\\Users\\Aléxia\\OneDrive\\Área de Trabalho\\exercicios dev\\dnc\\tdd\\src\\module\\aluno\\aluno.model.ts","all":false,"statementMap":{"0":{"start":{"line":1,"column":0},"end":{"line":1,"column":28}},"1":{"start":{"line":2,"column":0},"end":{"line":2,"column":49}},"2":{"start":{"line":3,"column":0},"end":{"line":3,"column":0}},"3":{"start":{"line":4,"column":0},"end":{"line":4,"column":20}},"4":{"start":{"line":5,"column":0},"end":{"line":5,"column":18}},"5":{"start":{"line":6,"column":0},"end":{"line":6,"column":0}},"6":{"start":{"line":7,"column":0},"end":{"line":7,"column":41}},"7":{"start":{"line":8,"column":0},"end":{"line":8,"column":40}},"8":{"start":{"line":9,"column":0},"end":{"line":9,"column":3}},"9":{"start":{"line":10,"column":0},"end":{"line":10,"column":0}},"10":{"start":{"line":11,"column":0},"end":{"line":11,"column":34}},"11":{"start":{"line":12,"column":0},"end":{"line":12,"column":23}},"12":{"start":{"line":13,"column":0},"end":{"line":13,"column":41}},"13":{"start":{"line":14,"column":0},"end":{"line":14,"column":50}},"14":{"start":{"line":15,"column":0},"end":{"line":15,"column":5}},"15":{"start":{"line":16,"column":0},"end":{"line":16,"column":30}},"16":{"start":{"line":17,"column":0},"end":{"line":17,"column":50}},"17":{"start":{"line":18,"column":0},"end":{"line":18,"column":5}},"18":{"start":{"line":19,"column":0},"end":{"line":19,"column":42}},"19":{"start":{"line":20,"column":0},"end":{"line":20,"column":3}},"20":{"start":{"line":21,"column":0},"end":{"line":21,"column":1}}},"s":{"0":1,"1":1,"2":1,"3":1,"4":1,"5":1,"6":1,"7":3,"8":3,"9":1,"10":1,"11":3,"12":3,"13":1,"14":1,"15":3,"16":3,"17":3,"18":3,"19":3,"20":1},"branchMap":{"0":{"type":"branch","line":4,"loc":{"start":{"line":4,"column":0},"end":{"line":21,"column":1}},"locations":[{"start":{"line":4,"column":0},"end":{"line":21,"column":1}}]},"1":{"type":"branch","line":7,"loc":{"start":{"line":7,"column":2},"end":{"line":9,"column":3}},"locations":[{"start":{"line":7,"column":2},"end":{"line":9,"column":3}}]},"2":{"type":"branch","line":11,"loc":{"start":{"line":11,"column":10},"end":{"line":20,"column":3}},"locations":[{"start":{"line":11,"column":10},"end":{"line":20,"column":3}}]},"3":{"type":"branch","line":11,"loc":{"start":{"line":11,"column":28},"end":{"line":20,"column":3}},"locations":[{"start":{"line":11,"column":28},"end":{"line":20,"column":3}}]},"4":{"type":"branch","line":13,"loc":{"start":{"line":13,"column":40},"end":{"line":15,"column":5}},"locations":[{"start":{"line":13,"column":40},"end":{"line":15,"column":5}}]},"5":{"type":"branch","line":16,"loc":{"start":{"line":16,"column":-2},"end":{"line":16,"column":29}},"locations":[{"start":{"line":16,"column":-2},"end":{"line":16,"column":29}}]}},"b":{"0":[1],"1":[3],"2":[3],"3":[3],"4":[1],"5":[2]},"fnMap":{"0":{"name":"Aluno","decl":{"start":{"line":7,"column":2},"end":{"line":9,"column":3}},"loc":{"start":{"line":7,"column":2},"end":{"line":9,"column":3}},"line":7},"1":{"name":"Aluno.store","decl":{"start":{"line":11,"column":10},"end":{"line":20,"column":3}},"loc":{"start":{"line":11,"column":10},"end":{"line":20,"column":3}},"line":11}},"f":{"0":3,"1":3}}
}
