TN:
SF:src\module\aluno\aluno.model.ts
FN:7,Aluno
FN:11,Aluno.store
FN:21,Aluno.update
FN:31,Aluno.delete
FNF:4
FNH:4
FNDA:6,Aluno
FNDA:3,Aluno.store
FNDA:2,Aluno.update
FNDA:1,Aluno.delete
DA:1,1
DA:2,1
DA:3,1
DA:4,1
DA:5,1
DA:6,1
DA:7,1
DA:8,6
DA:9,6
DA:10,1
DA:11,1
DA:12,3
DA:13,1
DA:14,1
DA:15,3
DA:16,3
DA:17,3
DA:18,3
DA:19,3
DA:20,1
DA:21,1
DA:22,2
DA:23,1
DA:24,1
DA:25,2
DA:26,1
DA:27,1
DA:28,2
DA:29,2
DA:30,1
DA:31,1
DA:32,1
DA:33,0
DA:34,0
DA:35,1
DA:36,1
DA:37,1
LF:37
LH:35
BRDA:4,0,0,1
BRDA:7,1,0,6
BRDA:11,2,0,3
BRDA:11,3,0,3
BRDA:12,4,0,1
BRDA:15,5,0,2
BRDA:21,6,0,2
BRDA:21,7,0,2
BRDA:22,8,0,1
BRDA:25,9,0,0
BRDA:25,10,0,0
BRDA:25,11,0,1
BRDA:31,12,0,1
BRDA:31,13,0,1
BRDA:32,14,0,0
BRF:15
BRH:12
end_of_record
